2025-10-23 15:31:53.188 - Checking for local tiles...
2025-10-23 15:31:53.189 - Found local tiles, using zoom level: 10
2025-10-23 15:31:53.190 - Loading local tiles for zoom: 10
2025-10-23 15:31:53.221 - Local tiles loaded successfully, count: 25
2025-10-23 15:31:53.223 - === Local Tiles Information ===
2025-10-23 15:31:53.224 - Zoom level 1: 4 tiles
2025-10-23 15:31:53.682 - Zoom level 10: 23864 tiles
2025-10-23 15:31:53.684 - Zoom level 2: 16 tiles
2025-10-23 15:31:53.690 - Zoom level 3: 64 tiles
2025-10-23 15:31:53.694 - Zoom level 4: 216 tiles
2025-10-23 15:31:53.707 - Zoom level 5: 251 tiles
2025-10-23 15:31:53.715 - Zoom level 6: 269 tiles
2025-10-23 15:31:53.722 - Zoom level 7: 497 tiles
2025-10-23 15:31:53.772 - Zoom level 8: 1603 tiles
2025-10-23 15:31:53.903 - Zoom level 9: 6116 tiles
2025-10-23 15:31:53.905 - Total tiles: 32900
2025-10-23 15:31:53.906 - Available zoom levels: 10
2025-10-23 15:31:53.907 - Zoom levels: 1, 10, 2, 3, 4, 5, 6, 7, 8, 9
2025-10-23 15:34:42.130 - Checking for local tiles...
2025-10-23 15:34:42.145 - Found local tiles, using zoom level: 10
2025-10-23 15:34:42.146 - Loading local tiles for zoom: 10
2025-10-23 15:34:42.163 - Local tiles loaded successfully, count: 25
2025-10-23 15:34:42.163 - === Local Tiles Information ===
2025-10-23 15:34:42.179 - Zoom level 1: 4 tiles
2025-10-23 15:34:42.529 - Zoom level 10: 23864 tiles
2025-10-23 15:34:42.529 - Zoom level 2: 16 tiles
2025-10-23 15:34:42.529 - Zoom level 3: 64 tiles
2025-10-23 15:34:42.551 - Zoom level 4: 216 tiles
2025-10-23 15:34:42.559 - Zoom level 5: 251 tiles
2025-10-23 15:34:42.563 - Zoom level 6: 269 tiles
2025-10-23 15:34:42.581 - Zoom level 7: 497 tiles
2025-10-23 15:34:42.616 - Zoom level 8: 1603 tiles
2025-10-23 15:34:42.714 - Zoom level 9: 6116 tiles
2025-10-23 15:34:42.715 - Total tiles: 32900
2025-10-23 15:34:42.715 - Available zoom levels: 10
2025-10-23 15:34:42.716 - Zoom levels: 1, 10, 2, 3, 4, 5, 6, 7, 8, 9
2025-10-23 15:39:12.925 - Checking for local tiles...
2025-10-23 15:39:12.926 - Found local tiles, using zoom level: 10
2025-10-23 15:39:12.926 - Loading local tiles for zoom: 10
2025-10-23 15:39:12.953 - Local tiles loaded successfully, count: 25
2025-10-23 15:39:12.956 - === Local Tiles Information ===
2025-10-23 15:39:12.958 - Zoom level 1: 4 tiles
2025-10-23 15:39:13.337 - Zoom level 10: 23864 tiles
2025-10-23 15:39:13.339 - Zoom level 2: 16 tiles
2025-10-23 15:39:13.342 - Zoom level 3: 64 tiles
2025-10-23 15:39:13.348 - Zoom level 4: 216 tiles
2025-10-23 15:39:13.354 - Zoom level 5: 251 tiles
2025-10-23 15:39:13.361 - Zoom level 6: 269 tiles
2025-10-23 15:39:13.373 - Zoom level 7: 497 tiles
2025-10-23 15:39:13.405 - Zoom level 8: 1603 tiles
2025-10-23 15:39:13.504 - Zoom level 9: 6116 tiles
2025-10-23 15:39:13.504 - Total tiles: 32900
2025-10-23 15:39:13.504 - Available zoom levels: 10
2025-10-23 15:39:13.511 - Zoom levels: 1, 10, 2, 3, 4, 5, 6, 7, 8, 9
2025-10-23 15:52:56.385 - Checking for local tiles...
2025-10-23 15:52:56.385 - Found local tiles, using zoom level: 10
2025-10-23 15:52:56.386 - Loading local tiles for zoom: 10
2025-10-23 15:52:56.413 - Local tiles loaded successfully, count: 25
2025-10-23 15:52:56.414 - === Local Tiles Information ===
2025-10-23 15:52:56.415 - Zoom level 1: 4 tiles
2025-10-23 15:52:56.754 - Zoom level 10: 23864 tiles
2025-10-23 15:52:56.755 - Zoom level 2: 16 tiles
2025-10-23 15:52:56.758 - Zoom level 3: 64 tiles
2025-10-23 15:52:56.761 - Zoom level 4: 216 tiles
2025-10-23 15:52:56.768 - Zoom level 5: 251 tiles
2025-10-23 15:52:56.778 - Zoom level 6: 269 tiles
2025-10-23 15:52:56.789 - Zoom level 7: 497 tiles
2025-10-23 15:52:56.820 - Zoom level 8: 1603 tiles
2025-10-23 15:52:56.914 - Zoom level 9: 6116 tiles
2025-10-23 15:52:56.914 - Total tiles: 32900
2025-10-23 15:52:56.915 - Available zoom levels: 10
2025-10-23 15:52:56.915 - Zoom levels: 1, 10, 2, 3, 4, 5, 6, 7, 8, 9
2025-10-23 17:56:42.903 - Checking for local tiles...
2025-10-23 17:56:42.904 - Found local tiles, using zoom level: 10
2025-10-23 17:56:42.904 - Loading local tiles for zoom: 10
2025-10-23 17:56:43.107 - Local tiles loaded successfully, count: 25
2025-10-23 17:56:43.117 - === Local Tiles Information ===
2025-10-23 17:56:43.119 - Zoom level 1: 4 tiles
2025-10-23 17:56:43.657 - Zoom level 10: 23864 tiles
2025-10-23 17:56:43.662 - Zoom level 2: 16 tiles
2025-10-23 17:56:43.665 - Zoom level 3: 64 tiles
2025-10-23 17:56:43.673 - Zoom level 4: 216 tiles
2025-10-23 17:56:43.681 - Zoom level 5: 251 tiles
2025-10-23 17:56:43.691 - Zoom level 6: 269 tiles
2025-10-23 17:56:43.714 - Zoom level 7: 497 tiles
2025-10-23 17:56:43.757 - Zoom level 8: 1603 tiles
2025-10-23 17:56:43.906 - Zoom level 9: 6116 tiles
2025-10-23 17:56:43.906 - Total tiles: 32900
2025-10-23 17:56:43.907 - Available zoom levels: 10
2025-10-23 17:56:43.907 - Zoom levels: 1, 10, 2, 3, 4, 5, 6, 7, 8, 9
2025-10-23 18:01:20.181 - Checking for local tiles...
2025-10-23 18:01:20.182 - Found local tiles, using zoom level: 10
2025-10-23 18:01:20.182 - Loading local tiles for zoom: 10
2025-10-23 18:01:20.213 - Local tiles loaded successfully, count: 25
2025-10-23 18:01:20.218 - === Local Tiles Information ===
2025-10-23 18:01:20.219 - Zoom level 1: 4 tiles
2025-10-23 18:01:20.762 - Zoom level 10: 23864 tiles
2025-10-23 18:01:20.764 - Zoom level 2: 16 tiles
2025-10-23 18:01:20.766 - Zoom level 3: 64 tiles
2025-10-23 18:01:20.773 - Zoom level 4: 216 tiles
2025-10-23 18:01:20.782 - Zoom level 5: 251 tiles
2025-10-23 18:01:20.794 - Zoom level 6: 269 tiles
2025-10-23 18:01:20.811 - Zoom level 7: 497 tiles
2025-10-23 18:01:20.846 - Zoom level 8: 1603 tiles
2025-10-23 18:01:21.004 - Zoom level 9: 6116 tiles
2025-10-23 18:01:21.004 - Total tiles: 32900
2025-10-23 18:01:21.004 - Available zoom levels: 10
2025-10-23 18:01:21.005 - Zoom levels: 1, 10, 2, 3, 4, 5, 6, 7, 8, 9
2025-10-23 18:30:49.776 - Checking for local tiles...
2025-10-23 18:30:49.777 - Found local tiles, using zoom level: 10
2025-10-23 18:30:49.777 - Loading local tiles for zoom: 10
2025-10-23 18:30:49.805 - Local tiles loaded successfully, count: 25
2025-10-23 18:30:49.806 - === Local Tiles Information ===
2025-10-23 18:30:49.807 - Zoom level 1: 4 tiles
2025-10-23 18:30:50.354 - Zoom level 10: 23864 tiles
2025-10-23 18:30:50.355 - Zoom level 2: 16 tiles
2025-10-23 18:30:50.358 - Zoom level 3: 64 tiles
2025-10-23 18:30:50.364 - Zoom level 4: 216 tiles
2025-10-23 18:30:50.371 - Zoom level 5: 251 tiles
2025-10-23 18:30:50.383 - Zoom level 6: 269 tiles
2025-10-23 18:30:50.399 - Zoom level 7: 497 tiles
2025-10-23 18:30:50.437 - Zoom level 8: 1603 tiles
2025-10-23 18:30:50.590 - Zoom level 9: 6116 tiles
2025-10-23 18:30:50.590 - Total tiles: 32900
2025-10-23 18:30:50.591 - Available zoom levels: 10
2025-10-23 18:30:50.591 - Zoom levels: 1, 10, 2, 3, 4, 5, 6, 7, 8, 9
2025-10-23 18:33:44.810 - Checking for local tiles...
2025-10-23 18:33:44.810 - Found local tiles, using zoom level: 10
2025-10-23 18:33:44.810 - Loading local tiles for zoom: 10
2025-10-23 18:33:44.840 - Local tiles loaded successfully, count: 25
2025-10-23 18:33:44.844 - === Local Tiles Information ===
2025-10-23 18:33:44.845 - Zoom level 1: 4 tiles
2025-10-23 18:33:45.393 - Zoom level 10: 23864 tiles
2025-10-23 18:33:45.397 - Zoom level 2: 16 tiles
2025-10-23 18:33:45.399 - Zoom level 3: 64 tiles
2025-10-23 18:33:45.405 - Zoom level 4: 216 tiles
2025-10-23 18:33:45.413 - Zoom level 5: 251 tiles
2025-10-23 18:33:45.420 - Zoom level 6: 269 tiles
2025-10-23 18:33:45.439 - Zoom level 7: 497 tiles
2025-10-23 18:33:45.483 - Zoom level 8: 1603 tiles
2025-10-23 18:33:45.622 - Zoom level 9: 6116 tiles
2025-10-23 18:33:45.622 - Total tiles: 32900
2025-10-23 18:33:45.634 - Available zoom levels: 10
2025-10-23 18:33:45.634 - Zoom levels: 1, 10, 2, 3, 4, 5, 6, 7, 8, 9
2025-10-23 19:07:22.541 - Checking for local tiles...
2025-10-23 19:07:22.547 - Found local tiles, using zoom level: 10
2025-10-23 19:07:22.547 - Loading local tiles for zoom: 10
2025-10-23 19:07:22.578 - Local tiles loaded successfully, count: 25
2025-10-23 19:07:22.579 - === Local Tiles Information ===
2025-10-23 19:07:22.580 - Zoom level 1: 4 tiles
2025-10-23 19:07:32.170 - Zoom level 10: 23864 tiles
2025-10-23 19:07:32.172 - Zoom level 2: 16 tiles
2025-10-23 19:07:32.176 - Zoom level 3: 64 tiles
2025-10-23 19:07:32.185 - Zoom level 4: 216 tiles
2025-10-23 19:07:32.199 - Zoom level 5: 251 tiles
2025-10-23 19:07:32.268 - Zoom level 6: 269 tiles
2025-10-23 19:07:32.716 - Zoom level 7: 497 tiles
2025-10-23 19:07:32.781 - Zoom level 8: 1603 tiles
2025-10-23 19:07:32.931 - Zoom level 9: 6116 tiles
2025-10-23 19:07:32.931 - Total tiles: 32900
2025-10-23 19:07:32.932 - Available zoom levels: 10
2025-10-23 19:07:32.932 - Zoom levels: 1, 10, 2, 3, 4, 5, 6, 7, 8, 9
2025-10-23 19:21:50.927 - Checking for local tiles...
2025-10-23 19:21:50.928 - Found local tiles, using zoom level: 10
2025-10-23 19:21:50.928 - Loading local tiles for zoom: 10
2025-10-23 19:21:50.954 - Local tiles loaded successfully, count: 25
2025-10-23 19:21:50.955 - === Local Tiles Information ===
2025-10-23 19:21:50.956 - Zoom level 1: 4 tiles
2025-10-23 19:21:51.468 - Zoom level 10: 23864 tiles
2025-10-23 19:21:51.485 - Zoom level 2: 16 tiles
2025-10-23 19:21:51.488 - Zoom level 3: 64 tiles
2025-10-23 19:21:51.495 - Zoom level 4: 216 tiles
2025-10-23 19:21:51.502 - Zoom level 5: 251 tiles
2025-10-23 19:21:51.508 - Zoom level 6: 269 tiles
2025-10-23 19:21:51.528 - Zoom level 7: 497 tiles
2025-10-23 19:21:51.568 - Zoom level 8: 1603 tiles
2025-10-23 19:21:51.740 - Zoom level 9: 6116 tiles
2025-10-23 19:21:51.740 - Total tiles: 32900
2025-10-23 19:21:51.740 - Available zoom levels: 10
2025-10-23 19:21:51.741 - Zoom levels: 1, 10, 2, 3, 4, 5, 6, 7, 8, 9
2025-10-23 19:24:56.563 - Checking for local tiles...
2025-10-23 19:24:56.563 - Found local tiles, using zoom level: 10
2025-10-23 19:24:56.564 - Loading local tiles for zoom: 10
2025-10-23 19:24:56.593 - Local tiles loaded successfully, count: 25
2025-10-23 19:24:56.594 - === Local Tiles Information ===
2025-10-23 19:24:56.595 - Zoom level 1: 4 tiles
2025-10-23 19:24:57.149 - Zoom level 10: 23864 tiles
2025-10-23 19:24:57.151 - Zoom level 2: 16 tiles
2025-10-23 19:24:57.154 - Zoom level 3: 64 tiles
2025-10-23 19:24:57.161 - Zoom level 4: 216 tiles
2025-10-23 19:24:57.168 - Zoom level 5: 251 tiles
2025-10-23 19:24:57.173 - Zoom level 6: 269 tiles
2025-10-23 19:24:57.195 - Zoom level 7: 497 tiles
2025-10-23 19:24:57.232 - Zoom level 8: 1603 tiles
2025-10-23 19:24:57.384 - Zoom level 9: 6116 tiles
2025-10-23 19:24:57.384 - Total tiles: 32900
2025-10-23 19:24:57.385 - Available zoom levels: 10
2025-10-23 19:24:57.385 - Zoom levels: 1, 10, 2, 3, 4, 5, 6, 7, 8, 9
2025-10-23 20:37:00.580 - Checking for local tiles...
2025-10-23 20:37:00.580 - Found local tiles, using zoom level: 10
2025-10-23 20:37:00.580 - Loading local tiles for zoom: 10
2025-10-23 20:37:00.608 - Local tiles loaded successfully, count: 25
2025-10-23 20:37:00.609 - === Local Tiles Information ===
2025-10-23 20:37:00.610 - Zoom level 1: 4 tiles
2025-10-23 20:37:01.160 - Zoom level 10: 23864 tiles
2025-10-23 20:37:01.162 - Zoom level 2: 16 tiles
2025-10-23 20:37:01.164 - Zoom level 3: 64 tiles
2025-10-23 20:37:01.171 - Zoom level 4: 216 tiles
2025-10-23 20:37:01.178 - Zoom level 5: 251 tiles
2025-10-23 20:37:01.184 - Zoom level 6: 269 tiles
2025-10-23 20:37:01.205 - Zoom level 7: 497 tiles
2025-10-23 20:37:01.253 - Zoom level 8: 1603 tiles
2025-10-23 20:37:01.404 - Zoom level 9: 6116 tiles
2025-10-23 20:37:01.404 - Total tiles: 32900
2025-10-23 20:37:01.404 - Available zoom levels: 10
2025-10-23 20:37:01.404 - Zoom levels: 1, 10, 2, 3, 4, 5, 6, 7, 8, 9
